[2026-01-10T08:00:15] ========================================
[2026-01-10T08:00:15] 🔄 Starting log rotation
[2026-01-10T08:00:15] ========================================
[2026-01-10T08:00:15] 📂 Log file: /var/log/app/server.log
[2026-01-10T08:00:15] 📊 Log file size: 52.43 MB
[2026-01-10T08:00:15] 🔄 Rotating: server.log → server.log-2026-01-10-08-00-15
[2026-01-10T08:00:15] ✅ File moved to: /var/log/app/archive/server.log-2026-01-10-08-00-15
[2026-01-10T08:00:15] ✅ New empty file created: /var/log/app/server.log
[2026-01-10T08:00:15] ✅ SUCCESS! Rotated 52.43 MB
[2026-01-10T08:00:15] ========================================

[2026-01-11T08:00:22] ========================================
[2026-01-11T08:00:22] 🔄 Starting log rotation
[2026-01-11T08:00:22] ========================================
[2026-01-11T08:00:22] 📂 Log file: /var/log/app/server.log
[2026-01-11T08:00:22] 📊 Log file size: 48.91 MB
[2026-01-11T08:00:22] 🔄 Rotating: server.log → server.log-2026-01-11-08-00-22
[2026-01-11T08:00:22] ✅ File moved to: /var/log/app/archive/server.log-2026-01-11-08-00-22
[2026-01-11T08:00:22] ✅ New empty file created: /var/log/app/server.log
[2026-01-11T08:00:22] ✅ SUCCESS! Rotated 48.91 MB
[2026-01-11T08:00:22] ========================================

[2026-01-12T08:00:08] ========================================
[2026-01-12T08:00:08] 🔄 Starting log rotation
[2026-01-12T08:00:08] ========================================
[2026-01-12T08:00:08] 📂 Log file: /var/log/app/server.log
[2026-01-12T08:00:08] 📊 Log file size: 103.27 MB
[2026-01-12T08:00:08] 🔄 Rotating: server.log → server.log-2026-01-12-08-00-08
[2026-01-12T08:00:08] ✅ File moved to: /var/log/app/archive/server.log-2026-01-12-08-00-08
[2026-01-12T08:00:08] ✅ New empty file created: /var/log/app/server.log
[2026-01-12T08:00:08] ✅ SUCCESS! Rotated 103.27 MB
[2026-01-12T08:00:08] ========================================

[2026-01-12T14:30:45] ========================================
[2026-01-12T14:30:45] 🔄 Starting log rotation
[2026-01-12T14:30:45] ========================================
[2026-01-12T14:30:45] 📂 Log file: /var/log/nginx/access.log
[2026-01-12T14:30:45] 📊 Log file size: 215.68 MB
[2026-01-12T14:30:45] 🔄 Rotating: access.log → access.log-2026-01-12-14-30-45
[2026-01-12T14:30:45] ✅ File moved to: /var/log/nginx/archive/access.log-2026-01-12-14-30-45
[2026-01-12T14:30:45] ✅ New empty file created: /var/log/nginx/access.log
[2026-01-12T14:30:45] ✅ SUCCESS! Rotated 215.68 MB
[2026-01-12T14:30:45] ========================================
